0 info it worked if it ends with ok
1 verbose cli [ '/Users/sasha/.nvm/versions/node/v6.2.1/bin/node',
1 verbose cli   '/Users/sasha/.nvm/versions/node/v6.2.1/bin/npm',
1 verbose cli   'publish' ]
2 info using npm@3.9.3
3 info using node@v6.2.1
4 verbose publish [ '.' ]
5 silly cache add args [ '.', null ]
6 verbose cache add spec .
7 silly cache add parsed spec Result {
7 silly cache add   raw: '.',
7 silly cache add   scope: null,
7 silly cache add   name: null,
7 silly cache add   rawSpec: '.',
7 silly cache add   spec: '/Users/sasha/code/redux-request-manager',
7 silly cache add   type: 'directory' }
8 verbose addLocalDirectory /Users/sasha/.npm/redux-request-manager/1.0.8/package.tgz not in flight; packing
9 verbose correctMkdir /Users/sasha/.npm correctMkdir not in flight; initializing
10 info lifecycle redux-request-manager@1.0.8~prepublish: redux-request-manager@1.0.8
11 verbose lifecycle redux-request-manager@1.0.8~prepublish: unsafe-perm in lifecycle true
12 verbose lifecycle redux-request-manager@1.0.8~prepublish: PATH: /Users/sasha/.nvm/versions/node/v6.2.1/lib/node_modules/npm/bin/node-gyp-bin:/Users/sasha/code/redux-request-manager/node_modules/.bin:/Users/sasha/.nvm/versions/node/v6.2.1/bin:/Users/sasha/.rvm/gems/ruby-2.1.3/bin:/Users/sasha/.rvm/gems/ruby-2.1.3@global/bin:/Users/sasha/.rvm/rubies/ruby-2.1.3/bin:/Users/sasha/.nvm/versions/node/v6.2.1/bin:/Users/sasha/.rvm/bin:/mongodb/bin:/usr/local/bin:/usr/bin:/bin:/usr/sbin:/sbin:/usr/local/git/bin:/usr/local/heroku/bin:/opt/local/bin
13 verbose lifecycle redux-request-manager@1.0.8~prepublish: CWD: /Users/sasha/code/redux-request-manager
14 silly lifecycle redux-request-manager@1.0.8~prepublish: Args: [ '-c', 'npm run build' ]
15 silly lifecycle redux-request-manager@1.0.8~prepublish: Returned: code: 1  signal: null
16 info lifecycle redux-request-manager@1.0.8~prepublish: Failed to exec prepublish script
17 error addLocal Could not install /Users/sasha/code/redux-request-manager
18 verbose stack Error: redux-request-manager@1.0.8 prepublish: `npm run build`
18 verbose stack Exit status 1
18 verbose stack     at EventEmitter.<anonymous> (/Users/sasha/.nvm/versions/node/v6.2.1/lib/node_modules/npm/lib/utils/lifecycle.js:245:16)
18 verbose stack     at emitTwo (events.js:106:13)
18 verbose stack     at EventEmitter.emit (events.js:191:7)
18 verbose stack     at ChildProcess.<anonymous> (/Users/sasha/.nvm/versions/node/v6.2.1/lib/node_modules/npm/lib/utils/spawn.js:24:14)
18 verbose stack     at emitTwo (events.js:106:13)
18 verbose stack     at ChildProcess.emit (events.js:191:7)
18 verbose stack     at maybeClose (internal/child_process.js:852:16)
18 verbose stack     at Process.ChildProcess._handle.onexit (internal/child_process.js:215:5)
19 verbose pkgid redux-request-manager@1.0.8
20 verbose cwd /Users/sasha/code/redux-request-manager
21 error Darwin 16.1.0
22 error argv "/Users/sasha/.nvm/versions/node/v6.2.1/bin/node" "/Users/sasha/.nvm/versions/node/v6.2.1/bin/npm" "publish"
23 error node v6.2.1
24 error npm  v3.9.3
25 error code ELIFECYCLE
26 error redux-request-manager@1.0.8 prepublish: `npm run build`
26 error Exit status 1
27 error Failed at the redux-request-manager@1.0.8 prepublish script 'npm run build'.
27 error Make sure you have the latest version of node.js and npm installed.
27 error If you do, this is most likely a problem with the redux-request-manager package,
27 error not with npm itself.
27 error Tell the author that this fails on your system:
27 error     npm run build
27 error You can get information on how to open an issue for this project with:
27 error     npm bugs redux-request-manager
27 error Or if that isn't available, you can get their info via:
27 error     npm owner ls redux-request-manager
27 error There is likely additional logging output above.
28 verbose exit [ 1, true ]
